# JRE version: Java(TM) SE Runtime Environment (8.0_102-b14) (build 1.8.0_102-b14)
# Java VM: Java HotSpot(TM) 64-Bit Server VM (25.102-b14 mixed mode bsd-amd64 compressed oops)
Heap:
 garbage-first heap   total 263168K, used 133138K [0x0000000780000000, 0x0000000780100808, 0x00000007c0000000)
  region size 1024K, 31 young (31744K), 5 survivors (5120K)
 Metaspace       used 114189K, capacity 125052K, committed 125252K, reserved 1157120K
  class space    used 13694K, capacity 16927K, committed 17024K, reserved 1048576K
GC Heap History (10 events):
Event: 8958.862 GC heap before
{Heap before GC invocations=136 (full 0):
 garbage-first heap   total 263168K, used 230236K [0x0000000780000000, 0x0000000780100808, 0x00000007c0000000)
  region size 1024K, 125 young (128000K), 5 survivors (5120K)
 Metaspace       used 114100K, capacity 124988K, committed 125252K, reserved 1157120K
  class space    used 13694K, capacity 16927K, committed 17024K, reserved 1048576K
Event: 8958.876 GC heap after
Heap after GC invocations=137 (full 0):
 garbage-first heap   total 263168K, used 107332K [0x0000000780000000, 0x0000000780100808, 0x00000007c0000000)
  region size 1024K, 5 young (5120K), 5 survivors (5120K)
 Metaspace       used 114100K, capacity 124988K, committed 125252K, reserved 1157120K
  class space    used 13694K, capacity 16927K, committed 17024K, reserved 1048576K
}
Event: 8997.731 GC heap before
{Heap before GC invocations=137 (full 0):
 garbage-first heap   total 263168K, used 230212K [0x0000000780000000, 0x0000000780100808, 0x00000007c0000000)
  region size 1024K, 125 young (128000K), 5 survivors (5120K)
 Metaspace       used 114137K, capacity 125052K, committed 125252K, reserved 1157120K
  class space    used 13694K, capacity 16927K, committed 17024K, reserved 1048576K
Event: 8997.744 GC heap after
Heap after GC invocations=138 (full 0):
 garbage-first heap   total 263168K, used 107462K [0x0000000780000000, 0x0000000780100808, 0x00000007c0000000)
  region size 1024K, 5 young (5120K), 5 survivors (5120K)
 Metaspace       used 114137K, capacity 125052K, committed 125252K, reserved 1157120K
  class space    used 13694K, capacity 16927K, committed 17024K, reserved 1048576K
}
Event: 9026.453 GC heap before
{Heap before GC invocations=138 (full 0):
 garbage-first heap   total 263168K, used 230342K [0x0000000780000000, 0x0000000780100808, 0x00000007c0000000)
  region size 1024K, 125 young (128000K), 5 survivors (5120K)
 Metaspace       used 114157K, capacity 125052K, committed 125252K, reserved 1157120K
  class space    used 13694K, capacity 16927K, committed 17024K, reserved 1048576K
Event: 9026.465 GC heap after
Heap after GC invocations=139 (full 0):
 garbage-first heap   total 263168K, used 106784K [0x0000000780000000, 0x0000000780100808, 0x00000007c0000000)
  region size 1024K, 4 young (4096K), 4 survivors (4096K)
 Metaspace       used 114157K, capacity 125052K, committed 125252K, reserved 1157120K
  class space    used 13694K, capacity 16927K, committed 17024K, reserved 1048576K
}
Event: 9056.309 GC heap before
{Heap before GC invocations=139 (full 0):
 garbage-first heap   total 263168K, used 231712K [0x0000000780000000, 0x0000000780100808, 0x00000007c0000000)
  region size 1024K, 126 young (129024K), 4 survivors (4096K)
 Metaspace       used 114174K, capacity 125052K, committed 125252K, reserved 1157120K
  class space    used 13694K, capacity 16927K, committed 17024K, reserved 1048576K
Event: 9056.321 GC heap after
Heap after GC invocations=140 (full 0):
 garbage-first heap   total 263168K, used 105542K [0x0000000780000000, 0x0000000780100808, 0x00000007c0000000)
  region size 1024K, 3 young (3072K), 3 survivors (3072K)
 Metaspace       used 114174K, capacity 125052K, committed 125252K, reserved 1157120K
  class space    used 13694K, capacity 16927K, committed 17024K, reserved 1048576K
}
Event: 9090.429 GC heap before
{Heap before GC invocations=140 (full 0):
 garbage-first heap   total 263168K, used 232518K [0x0000000780000000, 0x0000000780100808, 0x00000007c0000000)
  region size 1024K, 127 young (130048K), 3 survivors (3072K)
 Metaspace       used 114184K, capacity 125052K, committed 125252K, reserved 1157120K
  class space    used 13694K, capacity 16927K, committed 17024K, reserved 1048576K
Event: 9090.441 GC heap after
Heap after GC invocations=141 (full 0):
 garbage-first heap   total 263168K, used 107538K [0x0000000780000000, 0x0000000780100808, 0x00000007c0000000)
  region size 1024K, 5 young (5120K), 5 survivors (5120K)
 Metaspace       used 114184K, capacity 125052K, committed 125252K, reserved 1157120K
  class space    used 13694K, capacity 16927K, committed 17024K, reserved 1048576K
}

